app/build/outputs/logs/manifest-merger-release-report.txt
-- Merging decision tree log ---
manifest
ADDED from src\main\AndroidManifest.xml:2:1-189:12
INJECTED from src\main\AndroidManifest.xml:2:1-189:12
INJECTED from src\main\AndroidManifest.xml:2:1-189:12
INJECTED from src\main\AndroidManifest.xml:2:1-189:12
MERGED from [com.android.support:support-v13:26.0.0-alpha1] AndroidManifest.xml:17:1-31:12
MERGED from [com.jaredrummler:colorpicker:1.0.1] AndroidManifest.xml:2:1-10:12
MERGED from [com.android.support:appcompat-v7:26.0.0-alpha1] AndroidManifest.xml:17:1-31:12
MERGED from [com.android.support:support-v4:26.0.0-alpha1] AndroidManifest.xml:17:1-31:12
MERGED from [com.android.support:support-media-compat:26.0.0-alpha1] AndroidManifest.xml:17:1-31:12
MERGED from [com.android.support:support-fragment:26.0.0-alpha1] AndroidManifest.xml:17:1-31:12
MERGED from [com.android.support:support-core-utils:26.0.0-alpha1] AndroidManifest.xml:17:1-31:12
MERGED from [com.android.support:support-core-ui:26.0.0-alpha1] AndroidManifest.xml:17:1-31:12
MERGED from [com.android.support:animated-vector-drawable:26.0.0-alpha1] AndroidManifest.xml:17:1-28:12
MERGED from [com.android.support:support-vector-drawable:26.0.0-alpha1] AndroidManifest.xml:17:1-28:12
MERGED from [com.android.support:support-compat:26.0.0-alpha1] AndroidManifest.xml:17:1-31:12
MERGED from [com.android.support.constraint:constraint-layout:1.0.2] AndroidManifest.xml:2:1-11:12
INJECTED from src\main\AndroidManifest.xml:2:1-189:12
INJECTED from src\main\AndroidManifest.xml:2:1-189:12
INJECTED from src\main\AndroidManifest.xml:2:1-189:12
	package
		ADDED from src\main\AndroidManifest.xml:4:5-29
		INJECTED from src\main\AndroidManifest.xml
		INJECTED from src\main\AndroidManifest.xml
	android:versionName
		INJECTED from src\main\AndroidManifest.xml
		ADDED from src\main\AndroidManifest.xml:2:1-189:12
		INJECTED from src\main\AndroidManifest.xml
	xmlns:tools
		ADDED from src\main\AndroidManifest.xml:3:5-51
	android:versionCode
		INJECTED from src\main\AndroidManifest.xml
		ADDED from src\main\AndroidManifest.xml:2:1-189:12
		INJECTED from src\main\AndroidManifest.xml
	xmlns:android
		ADDED from src\main\AndroidManifest.xml:2:11-69
permission#com.android.launcher.permission.INSTALL_SHORTCUT
ADDED from src\main\AndroidManifest.xml:6:5-9:44
	android:protectionLevel
		ADDED from src\main\AndroidManifest.xml:9:9-41
	android:permissionGroup
		ADDED from src\main\AndroidManifest.xml:8:9-72
	android:name
		ADDED from src\main\AndroidManifest.xml:7:9-72
permission#com.android.launcher.permission.UNINSTALL_SHORTCUT
ADDED from src\main\AndroidManifest.xml:10:5-13:44
	android:protectionLevel
		ADDED from src\main\AndroidManifest.xml:13:9-41
	android:permissionGroup
		ADDED from src\main\AndroidManifest.xml:12:9-72
	android:name
		ADDED from src\main\AndroidManifest.xml:11:9-74
uses-permission#android.permission.READ_CONTACTS
ADDED from src\main\AndroidManifest.xml:16:5-72
	android:name
		ADDED from src\main\AndroidManifest.xml:16:22-69
uses-permission#android.permission.CALL_PHONE
ADDED from src\main\AndroidManifest.xml:18:5-69
	android:name
		ADDED from src\main\AndroidManifest.xml:18:22-66
uses-permission#android.permission.ACCESS_NETWORK_STATE
ADDED from src\main\AndroidManifest.xml:20:5-79
	android:name
		ADDED from src\main\AndroidManifest.xml:20:22-76
uses-permission#android.permission.CHANGE_NETWORK_STATE
ADDED from src\main\AndroidManifest.xml:21:5-79
	android:name
		ADDED from src\main\AndroidManifest.xml:21:22-76
uses-permission#android.permission.ACCESS_WIFI_STATE
ADDED from src\main\AndroidManifest.xml:23:5-76
	android:name
		ADDED from src\main\AndroidManifest.xml:23:22-73
uses-permission#android.permission.CHANGE_WIFI_STATE
ADDED from src\main\AndroidManifest.xml:24:5-76
	android:name
		ADDED from src\main\AndroidManifest.xml:24:22-73
uses-permission#android.permission.BLUETOOTH
ADDED from src\main\AndroidManifest.xml:26:5-68
	android:name
		ADDED from src\main\AndroidManifest.xml:26:22-65
uses-permission#android.permission.BLUETOOTH_ADMIN
ADDED from src\main\AndroidManifest.xml:27:5-74
	android:name
		ADDED from src\main\AndroidManifest.xml:27:22-71
uses-permission#android.permission.RECEIVE_SMS
ADDED from src\main\AndroidManifest.xml:29:5-70
	android:name
		ADDED from src\main\AndroidManifest.xml:29:22-67
uses-permission#android.permission.READ_PHONE_STATE
ADDED from src\main\AndroidManifest.xml:31:5-75
	android:name
		ADDED from src\main\AndroidManifest.xml:31:22-72
uses-permission#android.permission.CAMERA
ADDED from src\main\AndroidManifest.xml:33:5-65
	android:name
		ADDED from src\main\AndroidManifest.xml:33:22-62
uses-permission#android.permission.FLASHLIGHT
ADDED from src\main\AndroidManifest.xml:34:5-69
	android:name
		ADDED from src\main\AndroidManifest.xml:34:22-66
uses-permission#android.permission.READ_SYNC_SETTINGS
ADDED from src\main\AndroidManifest.xml:36:5-77
	android:name
		ADDED from src\main\AndroidManifest.xml:36:22-74
uses-permission#android.permission.WRITE_SYNC_SETTINGS
ADDED from src\main\AndroidManifest.xml:37:5-78
	android:name
		ADDED from src\main\AndroidManifest.xml:37:22-75
uses-permission#android.permission.WRITE_SETTINGS
ADDED from src\main\AndroidManifest.xml:39:5-73
	android:name
		ADDED from src\main\AndroidManifest.xml:39:22-70
uses-feature#android.hardware.telephony
ADDED from src\main\AndroidManifest.xml:41:5-43:36
	android:required
		ADDED from src\main\AndroidManifest.xml:43:9-33
	android:name
		ADDED from src\main\AndroidManifest.xml:42:9-50
uses-feature#android.hardware.bluetooth
ADDED from src\main\AndroidManifest.xml:44:5-46:36
	android:required
		ADDED from src\main\AndroidManifest.xml:46:9-33
	android:name
		ADDED from src\main\AndroidManifest.xml:45:9-50
uses-feature#android.hardware.wifi
ADDED from src\main\AndroidManifest.xml:47:5-49:36
	android:required
		ADDED from src\main\AndroidManifest.xml:49:9-33
	android:name
		ADDED from src\main\AndroidManifest.xml:48:9-45
uses-feature#android.hardware.camera
ADDED from src\main\AndroidManifest.xml:50:5-52:36
	android:required
		ADDED from src\main\AndroidManifest.xml:52:9-33
	android:name
		ADDED from src\main\AndroidManifest.xml:51:9-47
uses-feature#android.hardware.camera.flash
ADDED from src\main\AndroidManifest.xml:53:5-55:36
	android:required
		ADDED from src\main\AndroidManifest.xml:55:9-33
	android:name
		ADDED from src\main\AndroidManifest.xml:54:9-53
uses-feature#android.hardware.nfc
ADDED from src\main\AndroidManifest.xml:56:5-58:36
	android:required
		ADDED from src\main\AndroidManifest.xml:58:9-33
	android:name
		ADDED from src\main\AndroidManifest.xml:57:9-44
application
ADDED from src\main\AndroidManifest.xml:60:5-187:19
MERGED from [com.android.support:support-v13:26.0.0-alpha1] AndroidManifest.xml:29:5-20
MERGED from [com.android.support:support-v13:26.0.0-alpha1] AndroidManifest.xml:29:5-20
MERGED from [com.android.support:appcompat-v7:26.0.0-alpha1] AndroidManifest.xml:29:5-20
MERGED from [com.android.support:appcompat-v7:26.0.0-alpha1] AndroidManifest.xml:29:5-20
MERGED from [com.android.support:support-v4:26.0.0-alpha1] AndroidManifest.xml:29:5-20
MERGED from [com.android.support:support-v4:26.0.0-alpha1] AndroidManifest.xml:29:5-20
MERGED from [com.android.support:support-media-compat:26.0.0-alpha1] AndroidManifest.xml:29:5-20
MERGED from [com.android.support:support-media-compat:26.0.0-alpha1] AndroidManifest.xml:29:5-20
MERGED from [com.android.support:support-fragment:26.0.0-alpha1] AndroidManifest.xml:29:5-20
MERGED from [com.android.support:support-fragment:26.0.0-alpha1] AndroidManifest.xml:29:5-20
MERGED from [com.android.support:support-core-utils:26.0.0-alpha1] AndroidManifest.xml:29:5-20
MERGED from [com.android.support:support-core-utils:26.0.0-alpha1] AndroidManifest.xml:29:5-20
MERGED from [com.android.support:support-core-ui:26.0.0-alpha1] AndroidManifest.xml:29:5-20
MERGED from [com.android.support:support-core-ui:26.0.0-alpha1] AndroidManifest.xml:29:5-20
MERGED from [com.android.support:animated-vector-drawable:26.0.0-alpha1] AndroidManifest.xml:26:5-20
MERGED from [com.android.support:animated-vector-drawable:26.0.0-alpha1] AndroidManifest.xml:26:5-20
MERGED from [com.android.support:support-vector-drawable:26.0.0-alpha1] AndroidManifest.xml:26:5-20
MERGED from [com.android.support:support-vector-drawable:26.0.0-alpha1] AndroidManifest.xml:26:5-20
MERGED from [com.android.support:support-compat:26.0.0-alpha1] AndroidManifest.xml:29:5-20
MERGED from [com.android.support:support-compat:26.0.0-alpha1] AndroidManifest.xml:29:5-20
MERGED from [com.android.support.constraint:constraint-layout:1.0.2] AndroidManifest.xml:9:5-20
MERGED from [com.android.support.constraint:constraint-layout:1.0.2] AndroidManifest.xml:9:5-20
	android:label
		ADDED from src\main\AndroidManifest.xml:64:9-41
	android:hardwareAccelerated
		ADDED from src\main\AndroidManifest.xml:62:9-43
	tools:ignore
		ADDED from src\main\AndroidManifest.xml:66:9-48
	android:icon
		ADDED from src\main\AndroidManifest.xml:63:9-45
	android:allowBackup
		ADDED from src\main\AndroidManifest.xml:61:9-35
	android:theme
		ADDED from src\main\AndroidManifest.xml:65:9-45
meta-data#android.max_aspect
ADDED from src\main\AndroidManifest.xml:69:9-71:35
	android:value
		ADDED from src\main\AndroidManifest.xml:71:13-32
	android:name
		ADDED from src\main\AndroidManifest.xml:70:13-46
activity#ritik.launcher.MainActivity
ADDED from src\main\AndroidManifest.xml:79:9-105:20
	android:screenOrientation
		ADDED from src\main\AndroidManifest.xml:85:13-45
	android:clearTaskOnLaunch
		ADDED from src\main\AndroidManifest.xml:81:13-45
	android:stateNotNeeded
		ADDED from src\main\AndroidManifest.xml:86:13-42
	android:label
		ADDED from src\main\AndroidManifest.xml:83:13-45
	android:excludeFromRecents
		ADDED from src\main\AndroidManifest.xml:82:13-46
	android:launchMode
		ADDED from src\main\AndroidManifest.xml:84:13-44
	android:windowSoftInputMode
		ADDED from src\main\AndroidManifest.xml:87:13-73
	android:name
		ADDED from src\main\AndroidManifest.xml:80:13-41
intent-filter#android.intent.action.MAIN+android.intent.category.DEFAULT+android.intent.category.HOME+android.intent.category.LAUNCHER
ADDED from src\main\AndroidManifest.xml:88:13-94:29
action#android.intent.action.MAIN
ADDED from src\main\AndroidManifest.xml:89:17-69
	android:name
		ADDED from src\main\AndroidManifest.xml:89:25-66
category#android.intent.category.LAUNCHER
ADDED from src\main\AndroidManifest.xml:91:17-77
	android:name
		ADDED from src\main\AndroidManifest.xml:91:27-74
category#android.intent.category.HOME
ADDED from src\main\AndroidManifest.xml:92:17-73
	android:name
		ADDED from src\main\AndroidManifest.xml:92:27-70
category#android.intent.category.DEFAULT
ADDED from src\main\AndroidManifest.xml:93:17-76
	android:name
		ADDED from src\main\AndroidManifest.xml:93:27-73
intent-filter#android.intent.action.ASSIST+android.intent.category.DEFAULT
ADDED from src\main\AndroidManifest.xml:96:13-100:29
action#android.intent.action.ASSIST
ADDED from src\main\AndroidManifest.xml:97:17-71
	android:name
		ADDED from src\main\AndroidManifest.xml:97:25-68
meta-data#com.android.systemui.action_assist_icon
ADDED from src\main\AndroidManifest.xml:102:13-104:60
	android:resource
		ADDED from src\main\AndroidManifest.xml:104:17-57
	android:name
		ADDED from src\main\AndroidManifest.xml:103:17-71
activity#ritik.launcher.DummyActivity
ADDED from src\main\AndroidManifest.xml:106:9-115:20
	android:enabled
		ADDED from src\main\AndroidManifest.xml:108:13-36
	android:name
		ADDED from src\main\AndroidManifest.xml:107:13-42
intent-filter#android.intent.action.MAIN+android.intent.category.DEFAULT+android.intent.category.HOME
ADDED from src\main\AndroidManifest.xml:109:13-114:29
activity#ritik.launcher.SettingsActivity
ADDED from src\main\AndroidManifest.xml:116:9-119:51
	android:label
		ADDED from src\main\AndroidManifest.xml:118:13-53
	android:theme
		ADDED from src\main\AndroidManifest.xml:119:13-48
	android:name
		ADDED from src\main\AndroidManifest.xml:117:13-45
receiver#ritik.launcher.broadcast.PackageAddedRemovedHandler
ADDED from src\main\AndroidManifest.xml:122:9-134:20
	android:name
		ADDED from src\main\AndroidManifest.xml:122:19-71
intent-filter#android.intent.action.ACTION_MEDIA_MOUNTED+android.intent.action.ACTION_MEDIA_REMOVED+android.intent.action.MEDIA_MOUNTED+android.intent.action.MEDIA_REMOVED+android.intent.action.PACKAGE_ADDED+android.intent.action.PACKAGE_REMOVED
ADDED from src\main\AndroidManifest.xml:123:13-133:29
action#android.intent.action.PACKAGE_ADDED
ADDED from src\main\AndroidManifest.xml:124:17-78
	android:name
		ADDED from src\main\AndroidManifest.xml:124:25-75
action#android.intent.action.PACKAGE_REMOVED
ADDED from src\main\AndroidManifest.xml:125:17-80
	android:name
		ADDED from src\main\AndroidManifest.xml:125:25-77
action#android.intent.action.MEDIA_MOUNTED
ADDED from src\main\AndroidManifest.xml:126:17-78
	android:name
		ADDED from src\main\AndroidManifest.xml:126:25-75
action#android.intent.action.MEDIA_REMOVED
ADDED from src\main\AndroidManifest.xml:127:17-78
	android:name
		ADDED from src\main\AndroidManifest.xml:127:25-75
action#android.intent.action.ACTION_MEDIA_MOUNTED
ADDED from src\main\AndroidManifest.xml:128:17-85
	android:name
		ADDED from src\main\AndroidManifest.xml:128:25-82
action#android.intent.action.ACTION_MEDIA_REMOVED
ADDED from src\main\AndroidManifest.xml:129:17-85
	android:name
		ADDED from src\main\AndroidManifest.xml:129:25-82
data
ADDED from src\main\AndroidManifest.xml:131:17-47
	android:scheme
		ADDED from src\main\AndroidManifest.xml:131:23-44
receiver#ritik.launcher.broadcast.LocaleChangedReceiver
ADDED from src\main\AndroidManifest.xml:135:9-142:20
	android:enabled
		ADDED from src\main\AndroidManifest.xml:137:13-35
	android:exported
		ADDED from src\main\AndroidManifest.xml:138:13-36
	android:name
		ADDED from src\main\AndroidManifest.xml:136:13-60
intent-filter#android.intent.action.LOCALE_CHANGED
ADDED from src\main\AndroidManifest.xml:139:13-141:29
action#android.intent.action.LOCALE_CHANGED
ADDED from src\main\AndroidManifest.xml:140:17-79
	android:name
		ADDED from src\main\AndroidManifest.xml:140:25-76
receiver#ritik.launcher.broadcast.IncomingSmsHandler
ADDED from src\main\AndroidManifest.xml:145:9-152:20
	android:enabled
		ADDED from src\main\AndroidManifest.xml:147:13-36
	tools:ignore
		ADDED from src\main\AndroidManifest.xml:148:13-59
	android:name
		ADDED from src\main\AndroidManifest.xml:146:13-57
intent-filter#android.provider.Telephony.SMS_RECEIVED
ADDED from src\main\AndroidManifest.xml:149:13-151:29
action#android.provider.Telephony.SMS_RECEIVED
ADDED from src\main\AndroidManifest.xml:150:17-82
	android:name
		ADDED from src\main\AndroidManifest.xml:150:25-79
receiver#ritik.launcher.broadcast.IncomingCallHandler
ADDED from src\main\AndroidManifest.xml:155:9-161:20
	android:enabled
		ADDED from src\main\AndroidManifest.xml:157:13-36
	android:name
		ADDED from src\main\AndroidManifest.xml:156:13-58
intent-filter#android.intent.action.PHONE_STATE
ADDED from src\main\AndroidManifest.xml:158:13-160:29
action#android.intent.action.PHONE_STATE
ADDED from src\main\AndroidManifest.xml:159:17-76
	android:name
		ADDED from src\main\AndroidManifest.xml:159:25-73
receiver#ritik.launcher.broadcast.InstallShortcutHandler
ADDED from src\main\AndroidManifest.xml:164:9-170:20
	android:permission
		ADDED from src\main\AndroidManifest.xml:166:13-82
	android:name
		ADDED from src\main\AndroidManifest.xml:165:13-61
intent-filter#com.android.launcher.action.INSTALL_SHORTCUT
ADDED from src\main\AndroidManifest.xml:167:13-169:29
action#com.android.launcher.action.INSTALL_SHORTCUT
ADDED from src\main\AndroidManifest.xml:168:17-87
	android:name
		ADDED from src\main\AndroidManifest.xml:168:25-84
receiver#ritik.launcher.broadcast.UninstallShortcutHandler
ADDED from src\main\AndroidManifest.xml:171:9-177:20
	android:permission
		ADDED from src\main\AndroidManifest.xml:173:13-84
	android:name
		ADDED from src\main\AndroidManifest.xml:172:13-63
intent-filter#com.android.launcher.action.UNINSTALL_SHORTCUT
ADDED from src\main\AndroidManifest.xml:174:13-176:29
action#com.android.launcher.action.UNINSTALL_SHORTCUT
ADDED from src\main\AndroidManifest.xml:175:17-89
	android:name
		ADDED from src\main\AndroidManifest.xml:175:25-86
service#ritik.launcher.dataprovider.AppProvider
ADDED from src\main\AndroidManifest.xml:179:9-61
	android:name
		ADDED from src\main\AndroidManifest.xml:179:18-58
service#ritik.launcher.dataprovider.ContactsProvider
ADDED from src\main\AndroidManifest.xml:180:9-66
	android:name
		ADDED from src\main\AndroidManifest.xml:180:18-63
service#ritik.launcher.dataprovider.PhoneProvider
ADDED from src\main\AndroidManifest.xml:181:9-63
	android:name
		ADDED from src\main\AndroidManifest.xml:181:18-60
service#ritik.launcher.dataprovider.SettingsProvider
ADDED from src\main\AndroidManifest.xml:182:9-66
	android:name
		ADDED from src\main\AndroidManifest.xml:182:18-63
service#ritik.launcher.dataprovider.ShortcutsProvider
ADDED from src\main\AndroidManifest.xml:183:9-67
	android:name
		ADDED from src\main\AndroidManifest.xml:183:18-64
service#ritik.launcher.dataprovider.TogglesProvider
ADDED from src\main\AndroidManifest.xml:184:9-65
	android:name
		ADDED from src\main\AndroidManifest.xml:184:18-62
uses-sdk
INJECTED from src\main\AndroidManifest.xml reason: use-sdk injection requested
INJECTED from src\main\AndroidManifest.xml
INJECTED from src\main\AndroidManifest.xml
MERGED from [com.android.support:support-v13:26.0.0-alpha1] AndroidManifest.xml:21:5-23:55
MERGED from [com.android.support:support-v13:26.0.0-alpha1] AndroidManifest.xml:21:5-23:55
MERGED from [com.jaredrummler:colorpicker:1.0.1] AndroidManifest.xml:6:5-8:41
MERGED from [com.jaredrummler:colorpicker:1.0.1] AndroidManifest.xml:6:5-8:41
MERGED from [com.android.support:appcompat-v7:26.0.0-alpha1] AndroidManifest.xml:21:5-23:78
MERGED from [com.android.support:appcompat-v7:26.0.0-alpha1] AndroidManifest.xml:21:5-23:78
MERGED from [com.android.support:support-v4:26.0.0-alpha1] AndroidManifest.xml:21:5-23:54
MERGED from [com.android.support:support-v4:26.0.0-alpha1] AndroidManifest.xml:21:5-23:54
MERGED from [com.android.support:support-media-compat:26.0.0-alpha1] AndroidManifest.xml:21:5-23:63
MERGED from [com.android.support:support-media-compat:26.0.0-alpha1] AndroidManifest.xml:21:5-23:63
MERGED from [com.android.support:support-fragment:26.0.0-alpha1] AndroidManifest.xml:21:5-23:60
MERGED from [com.android.support:support-fragment:26.0.0-alpha1] AndroidManifest.xml:21:5-23:60
MERGED from [com.android.support:support-core-utils:26.0.0-alpha1] AndroidManifest.xml:21:5-23:61
MERGED from [com.android.support:support-core-utils:26.0.0-alpha1] AndroidManifest.xml:21:5-23:61
MERGED from [com.android.support:support-core-ui:26.0.0-alpha1] AndroidManifest.xml:21:5-23:58
MERGED from [com.android.support:support-core-ui:26.0.0-alpha1] AndroidManifest.xml:21:5-23:58
MERGED from [com.android.support:animated-vector-drawable:26.0.0-alpha1] AndroidManifest.xml:20:5-44
MERGED from [com.android.support:animated-vector-drawable:26.0.0-alpha1] AndroidManifest.xml:20:5-44
MERGED from [com.android.support:support-vector-drawable:26.0.0-alpha1] AndroidManifest.xml:20:5-44
MERGED from [com.android.support:support-vector-drawable:26.0.0-alpha1] AndroidManifest.xml:20:5-44
MERGED from [com.android.support:support-compat:26.0.0-alpha1] AndroidManifest.xml:21:5-23:58
MERGED from [com.android.support:support-compat:26.0.0-alpha1] AndroidManifest.xml:21:5-23:58
MERGED from [com.android.support.constraint:constraint-layout:1.0.2] AndroidManifest.xml:5:5-7:41
MERGED from [com.android.support.constraint:constraint-layout:1.0.2] AndroidManifest.xml:5:5-7:41
INJECTED from src\main\AndroidManifest.xml
INJECTED from src\main\AndroidManifest.xml
	tools:overrideLibrary
		ADDED from [com.android.support:support-v13:26.0.0-alpha1] AndroidManifest.xml:23:9-52
	android:targetSdkVersion
		INJECTED from src\main\AndroidManifest.xml
		ADDED from src\main\AndroidManifest.xml
		INJECTED from src\main\AndroidManifest.xml
	android:minSdkVersion
		INJECTED from src\main\AndroidManifest.xml
		ADDED from src\main\AndroidManifest.xml
		INJECTED from src\main\AndroidManifest.xml
meta-data#android.support.VERSION
ADDED from [com.android.support:support-v13:26.0.0-alpha1] AndroidManifest.xml:25:5-27:41
MERGED from [com.android.support:appcompat-v7:26.0.0-alpha1] AndroidManifest.xml:25:5-27:41
MERGED from [com.android.support:appcompat-v7:26.0.0-alpha1] AndroidManifest.xml:25:5-27:41
MERGED from [com.android.support:support-v4:26.0.0-alpha1] AndroidManifest.xml:25:5-27:41
MERGED from [com.android.support:support-v4:26.0.0-alpha1] AndroidManifest.xml:25:5-27:41
MERGED from [com.android.support:support-media-compat:26.0.0-alpha1] AndroidManifest.xml:25:5-27:41
MERGED from [com.android.support:support-media-compat:26.0.0-alpha1] AndroidManifest.xml:25:5-27:41
MERGED from [com.android.support:support-fragment:26.0.0-alpha1] AndroidManifest.xml:25:5-27:41
MERGED from [com.android.support:support-fragment:26.0.0-alpha1] AndroidManifest.xml:25:5-27:41
MERGED from [com.android.support:support-core-utils:26.0.0-alpha1] AndroidManifest.xml:25:5-27:41
MERGED from [com.android.support:support-core-utils:26.0.0-alpha1] AndroidManifest.xml:25:5-27:41
MERGED from [com.android.support:support-core-ui:26.0.0-alpha1] AndroidManifest.xml:25:5-27:41
MERGED from [com.android.support:support-core-ui:26.0.0-alpha1] AndroidManifest.xml:25:5-27:41
MERGED from [com.android.support:animated-vector-drawable:26.0.0-alpha1] AndroidManifest.xml:22:5-24:41
MERGED from [com.android.support:animated-vector-drawable:26.0.0-alpha1] AndroidManifest.xml:22:5-24:41
MERGED from [com.android.support:support-vector-drawable:26.0.0-alpha1] AndroidManifest.xml:22:5-24:41
MERGED from [com.android.support:support-vector-drawable:26.0.0-alpha1] AndroidManifest.xml:22:5-24:41
MERGED from [com.android.support:support-compat:26.0.0-alpha1] AndroidManifest.xml:25:5-27:41
MERGED from [com.android.support:support-compat:26.0.0-alpha1] AndroidManifest.xml:25:5-27:41
	android:value
		ADDED from [com.android.support:support-v13:26.0.0-alpha1] AndroidManifest.xml:27:9-38
	android:name
		ADDED from [com.android.support:support-v13:26.0.0-alpha1] AndroidManifest.xml:26:9-47